[0m[[0m[0mdebug[0m] [0m[0m> Exec(run, Some(073be0f4-38e2-4579-8954-84cc27157222), Some(CommandSource(console0)))[0m
[0m[[0m[0mdebug[0m] [0m[0mEvaluating tasks: Compile / run[0m
[0m[[0m[0mdebug[0m] [0m[0mRunning task... Cancel: Signal, check cycles: false, forcegc: true[0m
[0m[[0m[0mdebug[0m] [0m[0mRunning task... Cancel: Signal, check cycles: false, forcegc: true[0m
[0m[[0m[31merror[0m] [0m[0m[Error] /Users/hanif/Programs/Scala/crud-restapi-scala/app/views/dashboard.scala.html:9[0m
[0m[[0m[31merror[0m] [0m[0m  <link href="https://cdn.jsdelivr.net/npm/bootstrap@5.1.1/dist/css/bootstrap.min.css" rel="stylesheet" integrity="sha384-F3w7mX95PdgyTmZZMECAngseQB83DfGTowi0iMjiWaeVhAn4FJkqJByhZMI3AhiU" crossorigin="anonymous">: Invalid '@' symbol[0m
[0m[[0m[31merror[0m] [0m[0m/Users/hanif/Programs/Scala/crud-restapi-scala/conf/routes:18: Compilation error[Whitespace expected][0m
[0m[[0m[31merror[0m] [0m[0mGET     /dashboard[0m
[0m[[0m[31merror[0m] [0m[0m                  ^[0m
[0m[[0m[31merror[0m] [0m[0m(Compile / [31mtwirlCompileTemplates[0m) Twirl compilation failed[0m
[0m[[0m[31merror[0m] [0m[0m(Compile / [31mplayRoutes[0m) @7l595d1pk: Compilation error[Whitespace expected] in /Users/hanif/Programs/Scala/crud-restapi-scala/conf/routes:18[0m
[0m[[0m[0mdebug[0m] [0m[0mRunning task... Cancel: Signal, check cycles: false, forcegc: true[0m
[0m[[0m[0mdebug[0m] [0m[0mRunning task... Cancel: Signal, check cycles: false, forcegc: true[0m
[0m[[0m[0mdebug[0m] [0m[0mRunning task... Cancel: Signal, check cycles: false, forcegc: true[0m
[0m[[0m[31merror[0m] [0m[0m[Error] /Users/hanif/Programs/Scala/crud-restapi-scala/app/views/dashboard.scala.html:9[0m
[0m[[0m[31merror[0m] [0m[0m  <link href="https://cdn.jsdelivr.net/npm/bootstrap@5.1.1/dist/css/bootstrap.min.css" rel="stylesheet" integrity="sha384-F3w7mX95PdgyTmZZMECAngseQB83DfGTowi0iMjiWaeVhAn4FJkqJByhZMI3AhiU" crossorigin="anonymous">: Invalid '@' symbol[0m
[0m[[0m[31merror[0m] [0m[0m/Users/hanif/Programs/Scala/crud-restapi-scala/conf/routes:18: Compilation error[Whitespace expected][0m
[0m[[0m[31merror[0m] [0m[0mGET     /dashboard[0m
[0m[[0m[31merror[0m] [0m[0m                  ^[0m
[0m[[0m[31merror[0m] [0m[0m(Compile / [31mtwirlCompileTemplates[0m) Twirl compilation failed[0m
[0m[[0m[31merror[0m] [0m[0m(Compile / [31mplayRoutes[0m) @7l595hn0l: Compilation error[Whitespace expected] in /Users/hanif/Programs/Scala/crud-restapi-scala/conf/routes:18[0m
[0m[[0m[0mdebug[0m] [0m[0mRunning task... Cancel: Signal, check cycles: false, forcegc: true[0m
[0m[[0m[0mdebug[0m] [0m[0mRunning task... Cancel: Signal, check cycles: false, forcegc: true[0m
[0m[[0m[31merror[0m] [0m[0m[Error] /Users/hanif/Programs/Scala/crud-restapi-scala/app/views/dashboard.scala.html:9[0m
[0m[[0m[31merror[0m] [0m[0m  <link href="https://cdn.jsdelivr.net/npm/bootstrap@5.1.1/dist/css/bootstrap.min.css" rel="stylesheet" integrity="sha384-F3w7mX95PdgyTmZZMECAngseQB83DfGTowi0iMjiWaeVhAn4FJkqJByhZMI3AhiU" crossorigin="anonymous">: Invalid '@' symbol[0m
[0m[[0m[31merror[0m] [0m[0m(Compile / [31mtwirlCompileTemplates[0m) Twirl compilation failed[0m
[0m[[0m[0mdebug[0m] [0m[0mRunning task... Cancel: Signal, check cycles: false, forcegc: true[0m
[0m[[0m[0mdebug[0m] [0m[0mRunning task... Cancel: Signal, check cycles: false, forcegc: true[0m
[0m[[0m[0mdebug[0m] [0m[0mRunning task... Cancel: Signal, check cycles: false, forcegc: true[0m
[0m[[0m[0minfo[0m] [0m[0mcompiling 9 Scala sources and 1 Java source to /Users/hanif/Programs/Scala/crud-restapi-scala/target/scala-2.13/classes ...[0m
[0m[[0m[31merror[0m] [0m[0m/Users/hanif/Programs/Scala/crud-restapi-scala/app/controllers/HomeController.scala:12:8: not found: object database[0m
[0m[[0m[31merror[0m] [0m[0mimport database.ScalaApplicationDatabase[0m
[0m[[0m[31merror[0m] [0m[0m       ^[0m
[0m[[0m[33mwarn[0m] [0m[0m/Users/hanif/Programs/Scala/crud-restapi-scala/conf/routes:8:1: Auto-application to `()` is deprecated. Supply the empty argument list `()` explicitly to invoke method listNama,[0m
[0m[[0m[33mwarn[0m] [0m[0mor remove the empty argument list from its definition (Java-defined methods are exempt).[0m
[0m[[0m[33mwarn[0m] [0m[0mIn Scala 3, an unapplied method like this will be eta-expanded into a function.[0m
[0m[[0m[33mwarn[0m] [0m[0mGET     /nama                       controllers.HomeController.listNama[0m
[0m[[0m[33mwarn[0m] [0m[0m/Users/hanif/Programs/Scala/crud-restapi-scala/conf/routes:11:1: Auto-application to `()` is deprecated. Supply the empty argument list `()` explicitly to invoke method getPatient,[0m
[0m[[0m[33mwarn[0m] [0m[0mor remove the empty argument list from its definition (Java-defined methods are exempt).[0m
[0m[[0m[33mwarn[0m] [0m[0mIn Scala 3, an unapplied method like this will be eta-expanded into a function.[0m
[0m[[0m[33mwarn[0m] [0m[0mGET     /patient                    controllers.HomeController.getPatient[0m
[0m[[0m[33mwarn[0m] [0m[0m/Users/hanif/Programs/Scala/crud-restapi-scala/conf/routes:14:1: Auto-application to `()` is deprecated. Supply the empty argument list `()` explicitly to invoke method addPatient,[0m
[0m[[0m[33mwarn[0m] [0m[0mor remove the empty argument list from its definition (Java-defined methods are exempt).[0m
[0m[[0m[33mwarn[0m] [0m[0mIn Scala 3, an unapplied method like this will be eta-expanded into a function.[0m
[0m[[0m[33mwarn[0m] [0m[0mPOST    /patient                    controllers.HomeController.addPatient[0m
[0m[[0m[33mwarn[0m] [0m[0m/Users/hanif/Programs/Scala/crud-restapi-scala/conf/routes:15:1: Auto-application to `()` is deprecated. Supply the empty argument list `()` explicitly to invoke method updatePatient,[0m
[0m[[0m[33mwarn[0m] [0m[0mor remove the empty argument list from its definition (Java-defined methods are exempt).[0m
[0m[[0m[33mwarn[0m] [0m[0mIn Scala 3, an unapplied method like this will be eta-expanded into a function.[0m
[0m[[0m[33mwarn[0m] [0m[0mPOST    /patient/update             controllers.HomeController.updatePatient[0m
[0m[[0m[33mwarn[0m] [0m[0m/Users/hanif/Programs/Scala/crud-restapi-scala/conf/routes:16:1: Auto-application to `()` is deprecated. Supply the empty argument list `()` explicitly to invoke method deletePatient,[0m
[0m[[0m[33mwarn[0m] [0m[0mor remove the empty argument list from its definition (Java-defined methods are exempt).[0m
[0m[[0m[33mwarn[0m] [0m[0mIn Scala 3, an unapplied method like this will be eta-expanded into a function.[0m
[0m[[0m[33mwarn[0m] [0m[0mPOST    /patient/delete             controllers.HomeController.deletePatient[0m
[0m[[0m[33mwarn[0m] [0m[0m/Users/hanif/Programs/Scala/crud-restapi-scala/conf/routes:8:1: Auto-application to `()` is deprecated. Supply the empty argument list `()` explicitly to invoke method listNama,[0m
[0m[[0m[33mwarn[0m] [0m[0mor remove the empty argument list from its definition (Java-defined methods are exempt).[0m
[0m[[0m[33mwarn[0m] [0m[0mIn Scala 3, an unapplied method like this will be eta-expanded into a function.[0m
[0m[[0m[33mwarn[0m] [0m[0mGET     /nama                       controllers.HomeController.listNama[0m
[0m[[0m[33mwarn[0m] [0m[0m/Users/hanif/Programs/Scala/crud-restapi-scala/conf/routes:11:1: Auto-application to `()` is deprecated. Supply the empty argument list `()` explicitly to invoke method getPatient,[0m
[0m[[0m[33mwarn[0m] [0m[0mor remove the empty argument list from its definition (Java-defined methods are exempt).[0m
[0m[[0m[33mwarn[0m] [0m[0mIn Scala 3, an unapplied method like this will be eta-expanded into a function.[0m
[0m[[0m[33mwarn[0m] [0m[0mGET     /patient                    controllers.HomeController.getPatient[0m
[0m[[0m[33mwarn[0m] [0m[0m/Users/hanif/Programs/Scala/crud-restapi-scala/conf/routes:14:1: Auto-application to `()` is deprecated. Supply the empty argument list `()` explicitly to invoke method addPatient,[0m
[0m[[0m[33mwarn[0m] [0m[0mor remove the empty argument list from its definition (Java-defined methods are exempt).[0m
[0m[[0m[33mwarn[0m] [0m[0mIn Scala 3, an unapplied method like this will be eta-expanded into a function.[0m
[0m[[0m[33mwarn[0m] [0m[0mPOST    /patient                    controllers.HomeController.addPatient[0m
[0m[[0m[33mwarn[0m] [0m[0m/Users/hanif/Programs/Scala/crud-restapi-scala/conf/routes:15:1: Auto-application to `()` is deprecated. Supply the empty argument list `()` explicitly to invoke method updatePatient,[0m
[0m[[0m[33mwarn[0m] [0m[0mor remove the empty argument list from its definition (Java-defined methods are exempt).[0m
[0m[[0m[33mwarn[0m] [0m[0mIn Scala 3, an unapplied method like this will be eta-expanded into a function.[0m
[0m[[0m[33mwarn[0m] [0m[0mPOST    /patient/update             controllers.HomeController.updatePatient[0m
[0m[[0m[33mwarn[0m] [0m[0m/Users/hanif/Programs/Scala/crud-restapi-scala/conf/routes:16:1: Auto-application to `()` is deprecated. Supply the empty argument list `()` explicitly to invoke method deletePatient,[0m
[0m[[0m[33mwarn[0m] [0m[0mor remove the empty argument list from its definition (Java-defined methods are exempt).[0m
[0m[[0m[33mwarn[0m] [0m[0mIn Scala 3, an unapplied method like this will be eta-expanded into a function.[0m
[0m[[0m[33mwarn[0m] [0m[0mPOST    /patient/delete             controllers.HomeController.deletePatient[0m
[0m[[0m[33mwarn[0m] [0m[0m10 warnings found[0m
[0m[[0m[31merror[0m] [0m[0mone error found[0m
[0m[[0m[31merror[0m] [0m[0m(Compile / [31mcompileIncremental[0m) Compilation failed[0m
[0m[[0m[0mdebug[0m] [0m[0mRunning task... Cancel: Signal, check cycles: false, forcegc: true[0m
[0m[[0m[0mdebug[0m] [0m[0mRunning task... Cancel: Signal, check cycles: false, forcegc: true[0m
[0m[[0m[0mdebug[0m] [0m[0mRunning task... Cancel: Signal, check cycles: false, forcegc: true[0m
[0m[[0m[0minfo[0m] [0m[0mcompiling 9 Scala sources and 1 Java source to /Users/hanif/Programs/Scala/crud-restapi-scala/target/scala-2.13/classes ...[0m
[0m[[0m[33mwarn[0m] [0m[0m/Users/hanif/Programs/Scala/crud-restapi-scala/conf/routes:8:1: Auto-application to `()` is deprecated. Supply the empty argument list `()` explicitly to invoke method listNama,[0m
[0m[[0m[33mwarn[0m] [0m[0mor remove the empty argument list from its definition (Java-defined methods are exempt).[0m
[0m[[0m[33mwarn[0m] [0m[0mIn Scala 3, an unapplied method like this will be eta-expanded into a function.[0m
[0m[[0m[33mwarn[0m] [0m[0mGET     /nama                       controllers.HomeController.listNama[0m
[0m[[0m[33mwarn[0m] [0m[0m/Users/hanif/Programs/Scala/crud-restapi-scala/conf/routes:11:1: Auto-application to `()` is deprecated. Supply the empty argument list `()` explicitly to invoke method getPatient,[0m
[0m[[0m[33mwarn[0m] [0m[0mor remove the empty argument list from its definition (Java-defined methods are exempt).[0m
[0m[[0m[33mwarn[0m] [0m[0mIn Scala 3, an unapplied method like this will be eta-expanded into a function.[0m
[0m[[0m[33mwarn[0m] [0m[0mGET     /patient                    controllers.HomeController.getPatient[0m
[0m[[0m[33mwarn[0m] [0m[0m/Users/hanif/Programs/Scala/crud-restapi-scala/conf/routes:14:1: Auto-application to `()` is deprecated. Supply the empty argument list `()` explicitly to invoke method addPatient,[0m
[0m[[0m[33mwarn[0m] [0m[0mor remove the empty argument list from its definition (Java-defined methods are exempt).[0m
[0m[[0m[33mwarn[0m] [0m[0mIn Scala 3, an unapplied method like this will be eta-expanded into a function.[0m
[0m[[0m[33mwarn[0m] [0m[0mPOST    /patient                    controllers.HomeController.addPatient[0m
[0m[[0m[33mwarn[0m] [0m[0m/Users/hanif/Programs/Scala/crud-restapi-scala/conf/routes:15:1: Auto-application to `()` is deprecated. Supply the empty argument list `()` explicitly to invoke method updatePatient,[0m
[0m[[0m[33mwarn[0m] [0m[0mor remove the empty argument list from its definition (Java-defined methods are exempt).[0m
[0m[[0m[33mwarn[0m] [0m[0mIn Scala 3, an unapplied method like this will be eta-expanded into a function.[0m
[0m[[0m[33mwarn[0m] [0m[0mPOST    /patient/update             controllers.HomeController.updatePatient[0m
[0m[[0m[33mwarn[0m] [0m[0m/Users/hanif/Programs/Scala/crud-restapi-scala/conf/routes:16:1: Auto-application to `()` is deprecated. Supply the empty argument list `()` explicitly to invoke method deletePatient,[0m
[0m[[0m[33mwarn[0m] [0m[0mor remove the empty argument list from its definition (Java-defined methods are exempt).[0m
[0m[[0m[33mwarn[0m] [0m[0mIn Scala 3, an unapplied method like this will be eta-expanded into a function.[0m
[0m[[0m[33mwarn[0m] [0m[0mPOST    /patient/delete             controllers.HomeController.deletePatient[0m
[0m[[0m[33mwarn[0m] [0m[0m/Users/hanif/Programs/Scala/crud-restapi-scala/conf/routes:8:1: Auto-application to `()` is deprecated. Supply the empty argument list `()` explicitly to invoke method listNama,[0m
[0m[[0m[33mwarn[0m] [0m[0mor remove the empty argument list from its definition (Java-defined methods are exempt).[0m
[0m[[0m[33mwarn[0m] [0m[0mIn Scala 3, an unapplied method like this will be eta-expanded into a function.[0m
[0m[[0m[33mwarn[0m] [0m[0mGET     /nama                       controllers.HomeController.listNama[0m
[0m[[0m[33mwarn[0m] [0m[0m/Users/hanif/Programs/Scala/crud-restapi-scala/conf/routes:11:1: Auto-application to `()` is deprecated. Supply the empty argument list `()` explicitly to invoke method getPatient,[0m
[0m[[0m[33mwarn[0m] [0m[0mor remove the empty argument list from its definition (Java-defined methods are exempt).[0m
[0m[[0m[33mwarn[0m] [0m[0mIn Scala 3, an unapplied method like this will be eta-expanded into a function.[0m
[0m[[0m[33mwarn[0m] [0m[0mGET     /patient                    controllers.HomeController.getPatient[0m
[0m[[0m[33mwarn[0m] [0m[0m/Users/hanif/Programs/Scala/crud-restapi-scala/conf/routes:14:1: Auto-application to `()` is deprecated. Supply the empty argument list `()` explicitly to invoke method addPatient,[0m
[0m[[0m[33mwarn[0m] [0m[0mor remove the empty argument list from its definition (Java-defined methods are exempt).[0m
[0m[[0m[33mwarn[0m] [0m[0mIn Scala 3, an unapplied method like this will be eta-expanded into a function.[0m
[0m[[0m[33mwarn[0m] [0m[0mPOST    /patient                    controllers.HomeController.addPatient[0m
[0m[[0m[33mwarn[0m] [0m[0m/Users/hanif/Programs/Scala/crud-restapi-scala/conf/routes:15:1: Auto-application to `()` is deprecated. Supply the empty argument list `()` explicitly to invoke method updatePatient,[0m
[0m[[0m[33mwarn[0m] [0m[0mor remove the empty argument list from its definition (Java-defined methods are exempt).[0m
[0m[[0m[33mwarn[0m] [0m[0mIn Scala 3, an unapplied method like this will be eta-expanded into a function.[0m
[0m[[0m[33mwarn[0m] [0m[0mPOST    /patient/update             controllers.HomeController.updatePatient[0m
[0m[[0m[33mwarn[0m] [0m[0m/Users/hanif/Programs/Scala/crud-restapi-scala/conf/routes:16:1: Auto-application to `()` is deprecated. Supply the empty argument list `()` explicitly to invoke method deletePatient,[0m
[0m[[0m[33mwarn[0m] [0m[0mor remove the empty argument list from its definition (Java-defined methods are exempt).[0m
[0m[[0m[33mwarn[0m] [0m[0mIn Scala 3, an unapplied method like this will be eta-expanded into a function.[0m
[0m[[0m[33mwarn[0m] [0m[0mPOST    /patient/delete             controllers.HomeController.deletePatient[0m
[0m[[0m[33mwarn[0m] [0m[0m10 warnings found[0m
[0m[[0m[0mdebug[0m] [0m[0mRunning task... Cancel: Signal, check cycles: false, forcegc: true[0m
[0m[[0m[0mdebug[0m] [0m[0mExporting web-assets:crud-restapi-scala[0m
[0m[[0m[0mdebug[0m] [0m[0mRunning task... Cancel: Signal, check cycles: false, forcegc: true[0m
[0m[[0m[0mdebug[0m] [0m[0mRunning task... Cancel: Signal, check cycles: false, forcegc: true[0m
[0m[[0m[0mdebug[0m] [0m[0mRunning task... Cancel: Signal, check cycles: false, forcegc: true[0m
[0m[[0m[0mdebug[0m] [0m[0mExporting web-assets:crud-restapi-scala[0m
[0m[[0m[0mdebug[0m] [0m[0mRunning task... Cancel: Signal, check cycles: false, forcegc: true[0m
[0m[[0m[0mdebug[0m] [0m[0mRunning task... Cancel: Signal, check cycles: false, forcegc: true[0m
[0m[[0m[31merror[0m] [0m[0m[Error] /Users/hanif/Programs/Scala/crud-restapi-scala/app/views/dashboard.scala.html:14[0m
[0m[[0m[31merror[0m] [0m[0m    <link href="https://cdn.jsdelivr.net/npm/bootstrap@5.1.1/dist/css/bootstrap.min.css" rel="stylesheet" integrity="sha384-F3w7mX95PdgyTmZZMECAngseQB83DfGTowi0iMjiWaeVhAn4FJkqJByhZMI3AhiU" crossorigin="anonymous">: Expected '}' but found '@'[0m
[0m[[0m[31merror[0m] [0m[0m(Compile / [31mtwirlCompileTemplates[0m) Twirl compilation failed[0m
[0m[[0m[0mdebug[0m] [0m[0mRunning task... Cancel: Signal, check cycles: false, forcegc: true[0m
[0m[[0m[0mdebug[0m] [0m[0mRunning task... Cancel: Signal, check cycles: false, forcegc: true[0m
[0m[[0m[0mdebug[0m] [0m[0mRunning task... Cancel: Signal, check cycles: false, forcegc: true[0m
[0m[[0m[31merror[0m] [0m[0m[Error] /Users/hanif/Programs/Scala/crud-restapi-scala/app/views/main.scala.html:16[0m
[0m[[0m[31merror[0m] [0m[0m        <link href="https://cdn.jsdelivr.net/npm/bootstrap@5.1.1/dist/css/bootstrap.min.css" rel="stylesheet" integrity="sha384-F3w7mX95PdgyTmZZMECAngseQB83DfGTowi0iMjiWaeVhAn4FJkqJByhZMI3AhiU" crossorigin="anonymous">: Invalid '@' symbol[0m
[0m[[0m[31merror[0m] [0m[0m(Compile / [31mtwirlCompileTemplates[0m) Twirl compilation failed[0m
[0m[[0m[0mdebug[0m] [0m[0mRunning task... Cancel: Signal, check cycles: false, forcegc: true[0m
[0m[[0m[0mdebug[0m] [0m[0mRunning task... Cancel: Signal, check cycles: false, forcegc: true[0m
[0m[[0m[0mdebug[0m] [0m[0mRunning task... Cancel: Signal, check cycles: false, forcegc: true[0m
[0m[[0m[0minfo[0m] [0m[0mcompiling 8 Scala sources and 1 Java source to /Users/hanif/Programs/Scala/crud-restapi-scala/target/scala-2.13/classes ...[0m
[0m[[0m[31merror[0m] [0m[0m/Users/hanif/Programs/Scala/crud-restapi-scala/app/controllers/HomeController.scala:42:19: object dashboard is not a member of package views.html[0m
[0m[[0m[31merror[0m] [0m[0m    Ok(views.html.dashboard())[0m
[0m[[0m[31merror[0m] [0m[0m                  ^[0m
[0m[[0m[33mwarn[0m] [0m[0m/Users/hanif/Programs/Scala/crud-restapi-scala/conf/routes:8:1: Auto-application to `()` is deprecated. Supply the empty argument list `()` explicitly to invoke method listNama,[0m
[0m[[0m[33mwarn[0m] [0m[0mor remove the empty argument list from its definition (Java-defined methods are exempt).[0m
[0m[[0m[33mwarn[0m] [0m[0mIn Scala 3, an unapplied method like this will be eta-expanded into a function.[0m
[0m[[0m[33mwarn[0m] [0m[0mGET     /nama                       controllers.HomeController.listNama[0m
[0m[[0m[33mwarn[0m] [0m[0m/Users/hanif/Programs/Scala/crud-restapi-scala/conf/routes:11:1: Auto-application to `()` is deprecated. Supply the empty argument list `()` explicitly to invoke method getPatient,[0m
[0m[[0m[33mwarn[0m] [0m[0mor remove the empty argument list from its definition (Java-defined methods are exempt).[0m
[0m[[0m[33mwarn[0m] [0m[0mIn Scala 3, an unapplied method like this will be eta-expanded into a function.[0m
[0m[[0m[33mwarn[0m] [0m[0mGET     /patient                    controllers.HomeController.getPatient[0m
[0m[[0m[33mwarn[0m] [0m[0m/Users/hanif/Programs/Scala/crud-restapi-scala/conf/routes:14:1: Auto-application to `()` is deprecated. Supply the empty argument list `()` explicitly to invoke method addPatient,[0m
[0m[[0m[33mwarn[0m] [0m[0mor remove the empty argument list from its definition (Java-defined methods are exempt).[0m
[0m[[0m[33mwarn[0m] [0m[0mIn Scala 3, an unapplied method like this will be eta-expanded into a function.[0m
[0m[[0m[33mwarn[0m] [0m[0mPOST    /patient                    controllers.HomeController.addPatient[0m
[0m[[0m[33mwarn[0m] [0m[0m/Users/hanif/Programs/Scala/crud-restapi-scala/conf/routes:15:1: Auto-application to `()` is deprecated. Supply the empty argument list `()` explicitly to invoke method updatePatient,[0m
[0m[[0m[33mwarn[0m] [0m[0mor remove the empty argument list from its definition (Java-defined methods are exempt).[0m
[0m[[0m[33mwarn[0m] [0m[0mIn Scala 3, an unapplied method like this will be eta-expanded into a function.[0m
[0m[[0m[33mwarn[0m] [0m[0mPOST    /patient/update             controllers.HomeController.updatePatient[0m
[0m[[0m[33mwarn[0m] [0m[0m/Users/hanif/Programs/Scala/crud-restapi-scala/conf/routes:16:1: Auto-application to `()` is deprecated. Supply the empty argument list `()` explicitly to invoke method deletePatient,[0m
[0m[[0m[33mwarn[0m] [0m[0mor remove the empty argument list from its definition (Java-defined methods are exempt).[0m
[0m[[0m[33mwarn[0m] [0m[0mIn Scala 3, an unapplied method like this will be eta-expanded into a function.[0m
[0m[[0m[33mwarn[0m] [0m[0mPOST    /patient/delete             controllers.HomeController.deletePatient[0m
[0m[[0m[33mwarn[0m] [0m[0m/Users/hanif/Programs/Scala/crud-restapi-scala/conf/routes:8:1: Auto-application to `()` is deprecated. Supply the empty argument list `()` explicitly to invoke method listNama,[0m
[0m[[0m[33mwarn[0m] [0m[0mor remove the empty argument list from its definition (Java-defined methods are exempt).[0m
[0m[[0m[33mwarn[0m] [0m[0mIn Scala 3, an unapplied method like this will be eta-expanded into a function.[0m
[0m[[0m[33mwarn[0m] [0m[0mGET     /nama                       controllers.HomeController.listNama[0m
[0m[[0m[33mwarn[0m] [0m[0m/Users/hanif/Programs/Scala/crud-restapi-scala/conf/routes:11:1: Auto-application to `()` is deprecated. Supply the empty argument list `()` explicitly to invoke method getPatient,[0m
[0m[[0m[33mwarn[0m] [0m[0mor remove the empty argument list from its definition (Java-defined methods are exempt).[0m
[0m[[0m[33mwarn[0m] [0m[0mIn Scala 3, an unapplied method like this will be eta-expanded into a function.[0m
[0m[[0m[33mwarn[0m] [0m[0mGET     /patient                    controllers.HomeController.getPatient[0m
[0m[[0m[33mwarn[0m] [0m[0m/Users/hanif/Programs/Scala/crud-restapi-scala/conf/routes:14:1: Auto-application to `()` is deprecated. Supply the empty argument list `()` explicitly to invoke method addPatient,[0m
[0m[[0m[33mwarn[0m] [0m[0mor remove the empty argument list from its definition (Java-defined methods are exempt).[0m
[0m[[0m[33mwarn[0m] [0m[0mIn Scala 3, an unapplied method like this will be eta-expanded into a function.[0m
[0m[[0m[33mwarn[0m] [0m[0mPOST    /patient                    controllers.HomeController.addPatient[0m
[0m[[0m[33mwarn[0m] [0m[0m/Users/hanif/Programs/Scala/crud-restapi-scala/conf/routes:15:1: Auto-application to `()` is deprecated. Supply the empty argument list `()` explicitly to invoke method updatePatient,[0m
[0m[[0m[33mwarn[0m] [0m[0mor remove the empty argument list from its definition (Java-defined methods are exempt).[0m
[0m[[0m[33mwarn[0m] [0m[0mIn Scala 3, an unapplied method like this will be eta-expanded into a function.[0m
[0m[[0m[33mwarn[0m] [0m[0mPOST    /patient/update             controllers.HomeController.updatePatient[0m
[0m[[0m[33mwarn[0m] [0m[0m/Users/hanif/Programs/Scala/crud-restapi-scala/conf/routes:16:1: Auto-application to `()` is deprecated. Supply the empty argument list `()` explicitly to invoke method deletePatient,[0m
[0m[[0m[33mwarn[0m] [0m[0mor remove the empty argument list from its definition (Java-defined methods are exempt).[0m
[0m[[0m[33mwarn[0m] [0m[0mIn Scala 3, an unapplied method like this will be eta-expanded into a function.[0m
[0m[[0m[33mwarn[0m] [0m[0mPOST    /patient/delete             controllers.HomeController.deletePatient[0m
[0m[[0m[31merror[0m] [0m[0m/Users/hanif/Programs/Scala/crud-restapi-scala/app/views/index.scala.html:3:7: no arguments allowed for nullary method apply: (): play.twirl.api.HtmlFormat.Appendable in object main[0m
[0m[[0m[31merror[0m] [0m[0m@main("Welcome to Play") {[0m
[0m[[0m[31merror[0m] [0m[0m      ^[0m
[0m[[0m[31merror[0m] [0m[0m/Users/hanif/Programs/Scala/crud-restapi-scala/app/views/main.scala.html:7:3: not found: value title[0m
[0m[[0m[31merror[0m] [0m[0m@(title: String)(content: Html)[0m
[0m[[0m[31merror[0m] [0m[0m  ^[0m
[0m[[0m[31merror[0m] [0m[0m/Users/hanif/Programs/Scala/crud-restapi-scala/app/views/main.scala.html:13:17: not found: value title[0m
[0m[[0m[31merror[0m] [0m[0m        <title>@title</title>[0m
[0m[[0m[31merror[0m] [0m[0m                ^[0m
[0m[[0m[31merror[0m] [0m[0m/Users/hanif/Programs/Scala/crud-restapi-scala/app/views/main.scala.html:22:10: not found: value content[0m
[0m[[0m[31merror[0m] [0m[0m        @content[0m
[0m[[0m[31merror[0m] [0m[0m         ^[0m
[0m[[0m[33mwarn[0m] [0m[0m10 warnings found[0m
[0m[[0m[31merror[0m] [0m[0m5 errors found[0m
[0m[[0m[0mdebug[0m] [0m[0mForcing garbage collection...[0m
[0m[[0m[31merror[0m] [0m[0m(Compile / [31mcompileIncremental[0m) Compilation failed[0m
[0m[[0m[0mdebug[0m] [0m[0mRunning task... Cancel: Signal, check cycles: false, forcegc: true[0m
[0m[[0m[0mdebug[0m] [0m[0mRunning task... Cancel: Signal, check cycles: false, forcegc: true[0m
[0m[[0m[0mdebug[0m] [0m[0mRunning task... Cancel: Signal, check cycles: false, forcegc: true[0m
[0m[[0m[0minfo[0m] [0m[0mcompiling 8 Scala sources and 1 Java source to /Users/hanif/Programs/Scala/crud-restapi-scala/target/scala-2.13/classes ...[0m
[0m[[0m[33mwarn[0m] [0m[0m/Users/hanif/Programs/Scala/crud-restapi-scala/conf/routes:8:1: Auto-application to `()` is deprecated. Supply the empty argument list `()` explicitly to invoke method listNama,[0m
[0m[[0m[33mwarn[0m] [0m[0mor remove the empty argument list from its definition (Java-defined methods are exempt).[0m
[0m[[0m[33mwarn[0m] [0m[0mIn Scala 3, an unapplied method like this will be eta-expanded into a function.[0m
[0m[[0m[33mwarn[0m] [0m[0mGET     /nama                       controllers.HomeController.listNama[0m
[0m[[0m[33mwarn[0m] [0m[0m/Users/hanif/Programs/Scala/crud-restapi-scala/conf/routes:11:1: Auto-application to `()` is deprecated. Supply the empty argument list `()` explicitly to invoke method getPatient,[0m
[0m[[0m[33mwarn[0m] [0m[0mor remove the empty argument list from its definition (Java-defined methods are exempt).[0m
[0m[[0m[33mwarn[0m] [0m[0mIn Scala 3, an unapplied method like this will be eta-expanded into a function.[0m
[0m[[0m[33mwarn[0m] [0m[0mGET     /patient                    controllers.HomeController.getPatient[0m
[0m[[0m[33mwarn[0m] [0m[0m/Users/hanif/Programs/Scala/crud-restapi-scala/conf/routes:14:1: Auto-application to `()` is deprecated. Supply the empty argument list `()` explicitly to invoke method addPatient,[0m
[0m[[0m[33mwarn[0m] [0m[0mor remove the empty argument list from its definition (Java-defined methods are exempt).[0m
[0m[[0m[33mwarn[0m] [0m[0mIn Scala 3, an unapplied method like this will be eta-expanded into a function.[0m
[0m[[0m[33mwarn[0m] [0m[0mPOST    /patient                    controllers.HomeController.addPatient[0m
[0m[[0m[33mwarn[0m] [0m[0m/Users/hanif/Programs/Scala/crud-restapi-scala/conf/routes:15:1: Auto-application to `()` is deprecated. Supply the empty argument list `()` explicitly to invoke method updatePatient,[0m
[0m[[0m[33mwarn[0m] [0m[0mor remove the empty argument list from its definition (Java-defined methods are exempt).[0m
[0m[[0m[33mwarn[0m] [0m[0mIn Scala 3, an unapplied method like this will be eta-expanded into a function.[0m
[0m[[0m[33mwarn[0m] [0m[0mPOST    /patient/update             controllers.HomeController.updatePatient[0m
[0m[[0m[33mwarn[0m] [0m[0m/Users/hanif/Programs/Scala/crud-restapi-scala/conf/routes:16:1: Auto-application to `()` is deprecated. Supply the empty argument list `()` explicitly to invoke method deletePatient,[0m
[0m[[0m[33mwarn[0m] [0m[0mor remove the empty argument list from its definition (Java-defined methods are exempt).[0m
[0m[[0m[33mwarn[0m] [0m[0mIn Scala 3, an unapplied method like this will be eta-expanded into a function.[0m
[0m[[0m[33mwarn[0m] [0m[0mPOST    /patient/delete             controllers.HomeController.deletePatient[0m
[0m[[0m[33mwarn[0m] [0m[0m/Users/hanif/Programs/Scala/crud-restapi-scala/conf/routes:8:1: Auto-application to `()` is deprecated. Supply the empty argument list `()` explicitly to invoke method listNama,[0m
[0m[[0m[33mwarn[0m] [0m[0mor remove the empty argument list from its definition (Java-defined methods are exempt).[0m
[0m[[0m[33mwarn[0m] [0m[0mIn Scala 3, an unapplied method like this will be eta-expanded into a function.[0m
[0m[[0m[33mwarn[0m] [0m[0mGET     /nama                       controllers.HomeController.listNama[0m
[0m[[0m[33mwarn[0m] [0m[0m/Users/hanif/Programs/Scala/crud-restapi-scala/conf/routes:11:1: Auto-application to `()` is deprecated. Supply the empty argument list `()` explicitly to invoke method getPatient,[0m
[0m[[0m[33mwarn[0m] [0m[0mor remove the empty argument list from its definition (Java-defined methods are exempt).[0m
[0m[[0m[33mwarn[0m] [0m[0mIn Scala 3, an unapplied method like this will be eta-expanded into a function.[0m
[0m[[0m[33mwarn[0m] [0m[0mGET     /patient                    controllers.HomeController.getPatient[0m
[0m[[0m[33mwarn[0m] [0m[0m/Users/hanif/Programs/Scala/crud-restapi-scala/conf/routes:14:1: Auto-application to `()` is deprecated. Supply the empty argument list `()` explicitly to invoke method addPatient,[0m
[0m[[0m[33mwarn[0m] [0m[0mor remove the empty argument list from its definition (Java-defined methods are exempt).[0m
[0m[[0m[33mwarn[0m] [0m[0mIn Scala 3, an unapplied method like this will be eta-expanded into a function.[0m
[0m[[0m[33mwarn[0m] [0m[0mPOST    /patient                    controllers.HomeController.addPatient[0m
[0m[[0m[33mwarn[0m] [0m[0m/Users/hanif/Programs/Scala/crud-restapi-scala/conf/routes:15:1: Auto-application to `()` is deprecated. Supply the empty argument list `()` explicitly to invoke method updatePatient,[0m
[0m[[0m[33mwarn[0m] [0m[0mor remove the empty argument list from its definition (Java-defined methods are exempt).[0m
[0m[[0m[33mwarn[0m] [0m[0mIn Scala 3, an unapplied method like this will be eta-expanded into a function.[0m
[0m[[0m[33mwarn[0m] [0m[0mPOST    /patient/update             controllers.HomeController.updatePatient[0m
[0m[[0m[33mwarn[0m] [0m[0m/Users/hanif/Programs/Scala/crud-restapi-scala/conf/routes:16:1: Auto-application to `()` is deprecated. Supply the empty argument list `()` explicitly to invoke method deletePatient,[0m
[0m[[0m[33mwarn[0m] [0m[0mor remove the empty argument list from its definition (Java-defined methods are exempt).[0m
[0m[[0m[33mwarn[0m] [0m[0mIn Scala 3, an unapplied method like this will be eta-expanded into a function.[0m
[0m[[0m[33mwarn[0m] [0m[0mPOST    /patient/delete             controllers.HomeController.deletePatient[0m
[0m[[0m[31merror[0m] [0m[0m/Users/hanif/Programs/Scala/crud-restapi-scala/app/views/index.scala.html:3:7: no arguments allowed for nullary method apply: (): play.twirl.api.HtmlFormat.Appendable in object main[0m
[0m[[0m[31merror[0m] [0m[0m@main("Welcome to Play") {[0m
[0m[[0m[31merror[0m] [0m[0m      ^[0m
[0m[[0m[31merror[0m] [0m[0m/Users/hanif/Programs/Scala/crud-restapi-scala/app/views/main.scala.html:7:3: not found: value title[0m
[0m[[0m[31merror[0m] [0m[0m@(title: String)(content: Html)[0m
[0m[[0m[31merror[0m] [0m[0m  ^[0m
[0m[[0m[31merror[0m] [0m[0m/Users/hanif/Programs/Scala/crud-restapi-scala/app/views/main.scala.html:13:17: not found: value title[0m
[0m[[0m[31merror[0m] [0m[0m        <title>@title</title>[0m
[0m[[0m[31merror[0m] [0m[0m                ^[0m
[0m[[0m[31merror[0m] [0m[0m/Users/hanif/Programs/Scala/crud-restapi-scala/app/views/main.scala.html:22:10: not found: value content[0m
[0m[[0m[31merror[0m] [0m[0m        @content[0m
[0m[[0m[31merror[0m] [0m[0m         ^[0m
[0m[[0m[33mwarn[0m] [0m[0m10 warnings found[0m
[0m[[0m[31merror[0m] [0m[0mfour errors found[0m
[0m[[0m[31merror[0m] [0m[0m(Compile / [31mcompileIncremental[0m) Compilation failed[0m
[0m[[0m[0mdebug[0m] [0m[0mRunning task... Cancel: Signal, check cycles: false, forcegc: true[0m
[0m[[0m[0mdebug[0m] [0m[0mRunning task... Cancel: Signal, check cycles: false, forcegc: true[0m
[0m[[0m[0mdebug[0m] [0m[0mRunning task... Cancel: Signal, check cycles: false, forcegc: true[0m
[0m[[0m[0minfo[0m] [0m[0mcompiling 8 Scala sources and 1 Java source to /Users/hanif/Programs/Scala/crud-restapi-scala/target/scala-2.13/classes ...[0m
[0m[[0m[33mwarn[0m] [0m[0m/Users/hanif/Programs/Scala/crud-restapi-scala/conf/routes:8:1: Auto-application to `()` is deprecated. Supply the empty argument list `()` explicitly to invoke method listNama,[0m
[0m[[0m[33mwarn[0m] [0m[0mor remove the empty argument list from its definition (Java-defined methods are exempt).[0m
[0m[[0m[33mwarn[0m] [0m[0mIn Scala 3, an unapplied method like this will be eta-expanded into a function.[0m
[0m[[0m[33mwarn[0m] [0m[0mGET     /nama                       controllers.HomeController.listNama[0m
[0m[[0m[33mwarn[0m] [0m[0m/Users/hanif/Programs/Scala/crud-restapi-scala/conf/routes:11:1: Auto-application to `()` is deprecated. Supply the empty argument list `()` explicitly to invoke method getPatient,[0m
[0m[[0m[33mwarn[0m] [0m[0mor remove the empty argument list from its definition (Java-defined methods are exempt).[0m
[0m[[0m[33mwarn[0m] [0m[0mIn Scala 3, an unapplied method like this will be eta-expanded into a function.[0m
[0m[[0m[33mwarn[0m] [0m[0mGET     /patient                    controllers.HomeController.getPatient[0m
[0m[[0m[33mwarn[0m] [0m[0m/Users/hanif/Programs/Scala/crud-restapi-scala/conf/routes:14:1: Auto-application to `()` is deprecated. Supply the empty argument list `()` explicitly to invoke method addPatient,[0m
[0m[[0m[33mwarn[0m] [0m[0mor remove the empty argument list from its definition (Java-defined methods are exempt).[0m
[0m[[0m[33mwarn[0m] [0m[0mIn Scala 3, an unapplied method like this will be eta-expanded into a function.[0m
[0m[[0m[33mwarn[0m] [0m[0mPOST    /patient                    controllers.HomeController.addPatient[0m
[0m[[0m[33mwarn[0m] [0m[0m/Users/hanif/Programs/Scala/crud-restapi-scala/conf/routes:15:1: Auto-application to `()` is deprecated. Supply the empty argument list `()` explicitly to invoke method updatePatient,[0m
[0m[[0m[33mwarn[0m] [0m[0mor remove the empty argument list from its definition (Java-defined methods are exempt).[0m
[0m[[0m[33mwarn[0m] [0m[0mIn Scala 3, an unapplied method like this will be eta-expanded into a function.[0m
[0m[[0m[33mwarn[0m] [0m[0mPOST    /patient/update             controllers.HomeController.updatePatient[0m
[0m[[0m[33mwarn[0m] [0m[0m/Users/hanif/Programs/Scala/crud-restapi-scala/conf/routes:16:1: Auto-application to `()` is deprecated. Supply the empty argument list `()` explicitly to invoke method deletePatient,[0m
[0m[[0m[33mwarn[0m] [0m[0mor remove the empty argument list from its definition (Java-defined methods are exempt).[0m
[0m[[0m[33mwarn[0m] [0m[0mIn Scala 3, an unapplied method like this will be eta-expanded into a function.[0m
[0m[[0m[33mwarn[0m] [0m[0mPOST    /patient/delete             controllers.HomeController.deletePatient[0m
[0m[[0m[33mwarn[0m] [0m[0m/Users/hanif/Programs/Scala/crud-restapi-scala/conf/routes:8:1: Auto-application to `()` is deprecated. Supply the empty argument list `()` explicitly to invoke method listNama,[0m
[0m[[0m[33mwarn[0m] [0m[0mor remove the empty argument list from its definition (Java-defined methods are exempt).[0m
[0m[[0m[33mwarn[0m] [0m[0mIn Scala 3, an unapplied method like this will be eta-expanded into a function.[0m
[0m[[0m[33mwarn[0m] [0m[0mGET     /nama                       controllers.HomeController.listNama[0m
[0m[[0m[33mwarn[0m] [0m[0m/Users/hanif/Programs/Scala/crud-restapi-scala/conf/routes:11:1: Auto-application to `()` is deprecated. Supply the empty argument list `()` explicitly to invoke method getPatient,[0m
[0m[[0m[33mwarn[0m] [0m[0mor remove the empty argument list from its definition (Java-defined methods are exempt).[0m
[0m[[0m[33mwarn[0m] [0m[0mIn Scala 3, an unapplied method like this will be eta-expanded into a function.[0m
[0m[[0m[33mwarn[0m] [0m[0mGET     /patient                    controllers.HomeController.getPatient[0m
[0m[[0m[33mwarn[0m] [0m[0m/Users/hanif/Programs/Scala/crud-restapi-scala/conf/routes:14:1: Auto-application to `()` is deprecated. Supply the empty argument list `()` explicitly to invoke method addPatient,[0m
[0m[[0m[33mwarn[0m] [0m[0mor remove the empty argument list from its definition (Java-defined methods are exempt).[0m
[0m[[0m[33mwarn[0m] [0m[0mIn Scala 3, an unapplied method like this will be eta-expanded into a function.[0m
[0m[[0m[33mwarn[0m] [0m[0mPOST    /patient                    controllers.HomeController.addPatient[0m
[0m[[0m[33mwarn[0m] [0m[0m/Users/hanif/Programs/Scala/crud-restapi-scala/conf/routes:15:1: Auto-application to `()` is deprecated. Supply the empty argument list `()` explicitly to invoke method updatePatient,[0m
[0m[[0m[33mwarn[0m] [0m[0mor remove the empty argument list from its definition (Java-defined methods are exempt).[0m
[0m[[0m[33mwarn[0m] [0m[0mIn Scala 3, an unapplied method like this will be eta-expanded into a function.[0m
[0m[[0m[33mwarn[0m] [0m[0mPOST    /patient/update             controllers.HomeController.updatePatient[0m
[0m[[0m[33mwarn[0m] [0m[0m/Users/hanif/Programs/Scala/crud-restapi-scala/conf/routes:16:1: Auto-application to `()` is deprecated. Supply the empty argument list `()` explicitly to invoke method deletePatient,[0m
[0m[[0m[33mwarn[0m] [0m[0mor remove the empty argument list from its definition (Java-defined methods are exempt).[0m
[0m[[0m[33mwarn[0m] [0m[0mIn Scala 3, an unapplied method like this will be eta-expanded into a function.[0m
[0m[[0m[33mwarn[0m] [0m[0mPOST    /patient/delete             controllers.HomeController.deletePatient[0m
[0m[[0m[31merror[0m] [0m[0m/Users/hanif/Programs/Scala/crud-restapi-scala/app/views/index.scala.html:3:7: no arguments allowed for nullary method apply: (): play.twirl.api.HtmlFormat.Appendable in object main[0m
[0m[[0m[31merror[0m] [0m[0m@main("Welcome to Play") {[0m
[0m[[0m[31merror[0m] [0m[0m      ^[0m
[0m[[0m[31merror[0m] [0m[0m/Users/hanif/Programs/Scala/crud-restapi-scala/app/views/main.scala.html:7:3: not found: value title[0m
[0m[[0m[31merror[0m] [0m[0m@(title: String)(content: Html)[0m
[0m[[0m[31merror[0m] [0m[0m  ^[0m
[0m[[0m[31merror[0m] [0m[0m/Users/hanif/Programs/Scala/crud-restapi-scala/app/views/main.scala.html:13:17: not found: value title[0m
[0m[[0m[31merror[0m] [0m[0m        <title>@title</title>[0m
[0m[[0m[31merror[0m] [0m[0m                ^[0m
[0m[[0m[31merror[0m] [0m[0m/Users/hanif/Programs/Scala/crud-restapi-scala/app/views/main.scala.html:22:10: not found: value content[0m
[0m[[0m[31merror[0m] [0m[0m        @content[0m
[0m[[0m[31merror[0m] [0m[0m         ^[0m
[0m[[0m[33mwarn[0m] [0m[0m10 warnings found[0m
[0m[[0m[31merror[0m] [0m[0mfour errors found[0m
[0m[[0m[31merror[0m] [0m[0m(Compile / [31mcompileIncremental[0m) Compilation failed[0m
[0m[[0m[0mdebug[0m] [0m[0mRunning task... Cancel: Signal, check cycles: false, forcegc: true[0m
[0m[[0m[0mdebug[0m] [0m[0mRunning task... Cancel: Signal, check cycles: false, forcegc: true[0m
[0m[[0m[0mdebug[0m] [0m[0mRunning task... Cancel: Signal, check cycles: false, forcegc: true[0m
[0m[[0m[0minfo[0m] [0m[0mcompiling 8 Scala sources and 1 Java source to /Users/hanif/Programs/Scala/crud-restapi-scala/target/scala-2.13/classes ...[0m
[0m[[0m[33mwarn[0m] [0m[0m/Users/hanif/Programs/Scala/crud-restapi-scala/conf/routes:8:1: Auto-application to `()` is deprecated. Supply the empty argument list `()` explicitly to invoke method listNama,[0m
[0m[[0m[33mwarn[0m] [0m[0mor remove the empty argument list from its definition (Java-defined methods are exempt).[0m
[0m[[0m[33mwarn[0m] [0m[0mIn Scala 3, an unapplied method like this will be eta-expanded into a function.[0m
[0m[[0m[33mwarn[0m] [0m[0mGET     /nama                       controllers.HomeController.listNama[0m
[0m[[0m[33mwarn[0m] [0m[0m/Users/hanif/Programs/Scala/crud-restapi-scala/conf/routes:11:1: Auto-application to `()` is deprecated. Supply the empty argument list `()` explicitly to invoke method getPatient,[0m
[0m[[0m[33mwarn[0m] [0m[0mor remove the empty argument list from its definition (Java-defined methods are exempt).[0m
[0m[[0m[33mwarn[0m] [0m[0mIn Scala 3, an unapplied method like this will be eta-expanded into a function.[0m
[0m[[0m[33mwarn[0m] [0m[0mGET     /patient                    controllers.HomeController.getPatient[0m
[0m[[0m[33mwarn[0m] [0m[0m/Users/hanif/Programs/Scala/crud-restapi-scala/conf/routes:14:1: Auto-application to `()` is deprecated. Supply the empty argument list `()` explicitly to invoke method addPatient,[0m
[0m[[0m[33mwarn[0m] [0m[0mor remove the empty argument list from its definition (Java-defined methods are exempt).[0m
[0m[[0m[33mwarn[0m] [0m[0mIn Scala 3, an unapplied method like this will be eta-expanded into a function.[0m
[0m[[0m[33mwarn[0m] [0m[0mPOST    /patient                    controllers.HomeController.addPatient[0m
[0m[[0m[33mwarn[0m] [0m[0m/Users/hanif/Programs/Scala/crud-restapi-scala/conf/routes:15:1: Auto-application to `()` is deprecated. Supply the empty argument list `()` explicitly to invoke method updatePatient,[0m
[0m[[0m[33mwarn[0m] [0m[0mor remove the empty argument list from its definition (Java-defined methods are exempt).[0m
[0m[[0m[33mwarn[0m] [0m[0mIn Scala 3, an unapplied method like this will be eta-expanded into a function.[0m
[0m[[0m[33mwarn[0m] [0m[0mPOST    /patient/update             controllers.HomeController.updatePatient[0m
[0m[[0m[33mwarn[0m] [0m[0m/Users/hanif/Programs/Scala/crud-restapi-scala/conf/routes:16:1: Auto-application to `()` is deprecated. Supply the empty argument list `()` explicitly to invoke method deletePatient,[0m
[0m[[0m[33mwarn[0m] [0m[0mor remove the empty argument list from its definition (Java-defined methods are exempt).[0m
[0m[[0m[33mwarn[0m] [0m[0mIn Scala 3, an unapplied method like this will be eta-expanded into a function.[0m
[0m[[0m[33mwarn[0m] [0m[0mPOST    /patient/delete             controllers.HomeController.deletePatient[0m
[0m[[0m[33mwarn[0m] [0m[0m/Users/hanif/Programs/Scala/crud-restapi-scala/conf/routes:8:1: Auto-application to `()` is deprecated. Supply the empty argument list `()` explicitly to invoke method listNama,[0m
[0m[[0m[33mwarn[0m] [0m[0mor remove the empty argument list from its definition (Java-defined methods are exempt).[0m
[0m[[0m[33mwarn[0m] [0m[0mIn Scala 3, an unapplied method like this will be eta-expanded into a function.[0m
[0m[[0m[33mwarn[0m] [0m[0mGET     /nama                       controllers.HomeController.listNama[0m
[0m[[0m[33mwarn[0m] [0m[0m/Users/hanif/Programs/Scala/crud-restapi-scala/conf/routes:11:1: Auto-application to `()` is deprecated. Supply the empty argument list `()` explicitly to invoke method getPatient,[0m
[0m[[0m[33mwarn[0m] [0m[0mor remove the empty argument list from its definition (Java-defined methods are exempt).[0m
[0m[[0m[33mwarn[0m] [0m[0mIn Scala 3, an unapplied method like this will be eta-expanded into a function.[0m
[0m[[0m[33mwarn[0m] [0m[0mGET     /patient                    controllers.HomeController.getPatient[0m
[0m[[0m[33mwarn[0m] [0m[0m/Users/hanif/Programs/Scala/crud-restapi-scala/conf/routes:14:1: Auto-application to `()` is deprecated. Supply the empty argument list `()` explicitly to invoke method addPatient,[0m
[0m[[0m[33mwarn[0m] [0m[0mor remove the empty argument list from its definition (Java-defined methods are exempt).[0m
[0m[[0m[33mwarn[0m] [0m[0mIn Scala 3, an unapplied method like this will be eta-expanded into a function.[0m
[0m[[0m[33mwarn[0m] [0m[0mPOST    /patient                    controllers.HomeController.addPatient[0m
[0m[[0m[33mwarn[0m] [0m[0m/Users/hanif/Programs/Scala/crud-restapi-scala/conf/routes:15:1: Auto-application to `()` is deprecated. Supply the empty argument list `()` explicitly to invoke method updatePatient,[0m
[0m[[0m[33mwarn[0m] [0m[0mor remove the empty argument list from its definition (Java-defined methods are exempt).[0m
[0m[[0m[33mwarn[0m] [0m[0mIn Scala 3, an unapplied method like this will be eta-expanded into a function.[0m
[0m[[0m[33mwarn[0m] [0m[0mPOST    /patient/update             controllers.HomeController.updatePatient[0m
[0m[[0m[33mwarn[0m] [0m[0m/Users/hanif/Programs/Scala/crud-restapi-scala/conf/routes:16:1: Auto-application to `()` is deprecated. Supply the empty argument list `()` explicitly to invoke method deletePatient,[0m
[0m[[0m[33mwarn[0m] [0m[0mor remove the empty argument list from its definition (Java-defined methods are exempt).[0m
[0m[[0m[33mwarn[0m] [0m[0mIn Scala 3, an unapplied method like this will be eta-expanded into a function.[0m
[0m[[0m[33mwarn[0m] [0m[0mPOST    /patient/delete             controllers.HomeController.deletePatient[0m
[0m[[0m[31merror[0m] [0m[0m/Users/hanif/Programs/Scala/crud-restapi-scala/app/views/index.scala.html:3:7: no arguments allowed for nullary method apply: (): play.twirl.api.HtmlFormat.Appendable in object main[0m
[0m[[0m[31merror[0m] [0m[0m@main("Welcome to Play") {[0m
[0m[[0m[31merror[0m] [0m[0m      ^[0m
[0m[[0m[31merror[0m] [0m[0m/Users/hanif/Programs/Scala/crud-restapi-scala/app/views/main.scala.html:7:3: not found: value title[0m
[0m[[0m[31merror[0m] [0m[0m@(title: String)(content: Html)[0m
[0m[[0m[31merror[0m] [0m[0m  ^[0m
[0m[[0m[31merror[0m] [0m[0m/Users/hanif/Programs/Scala/crud-restapi-scala/app/views/main.scala.html:13:17: not found: value title[0m
[0m[[0m[31merror[0m] [0m[0m        <title>@title</title>[0m
[0m[[0m[31merror[0m] [0m[0m                ^[0m
[0m[[0m[31merror[0m] [0m[0m/Users/hanif/Programs/Scala/crud-restapi-scala/app/views/main.scala.html:22:10: not found: value content[0m
[0m[[0m[31merror[0m] [0m[0m        @content[0m
[0m[[0m[31merror[0m] [0m[0m         ^[0m
[0m[[0m[33mwarn[0m] [0m[0m10 warnings found[0m
[0m[[0m[31merror[0m] [0m[0mfour errors found[0m
[0m[[0m[31merror[0m] [0m[0m(Compile / [31mcompileIncremental[0m) Compilation failed[0m
[0m[[0m[0mdebug[0m] [0m[0mRunning task... Cancel: Signal, check cycles: false, forcegc: true[0m
[0m[[0m[0mdebug[0m] [0m[0mRunning task... Cancel: Signal, check cycles: false, forcegc: true[0m
[0m[[0m[0mdebug[0m] [0m[0mRunning task... Cancel: Signal, check cycles: false, forcegc: true[0m
[0m[[0m[0minfo[0m] [0m[0mcompiling 8 Scala sources and 1 Java source to /Users/hanif/Programs/Scala/crud-restapi-scala/target/scala-2.13/classes ...[0m
[0m[[0m[33mwarn[0m] [0m[0m/Users/hanif/Programs/Scala/crud-restapi-scala/conf/routes:8:1: Auto-application to `()` is deprecated. Supply the empty argument list `()` explicitly to invoke method listNama,[0m
[0m[[0m[33mwarn[0m] [0m[0mor remove the empty argument list from its definition (Java-defined methods are exempt).[0m
[0m[[0m[33mwarn[0m] [0m[0mIn Scala 3, an unapplied method like this will be eta-expanded into a function.[0m
[0m[[0m[33mwarn[0m] [0m[0mGET     /nama                       controllers.HomeController.listNama[0m
[0m[[0m[33mwarn[0m] [0m[0m/Users/hanif/Programs/Scala/crud-restapi-scala/conf/routes:11:1: Auto-application to `()` is deprecated. Supply the empty argument list `()` explicitly to invoke method getPatient,[0m
[0m[[0m[33mwarn[0m] [0m[0mor remove the empty argument list from its definition (Java-defined methods are exempt).[0m
[0m[[0m[33mwarn[0m] [0m[0mIn Scala 3, an unapplied method like this will be eta-expanded into a function.[0m
[0m[[0m[33mwarn[0m] [0m[0mGET     /patient                    controllers.HomeController.getPatient[0m
[0m[[0m[33mwarn[0m] [0m[0m/Users/hanif/Programs/Scala/crud-restapi-scala/conf/routes:14:1: Auto-application to `()` is deprecated. Supply the empty argument list `()` explicitly to invoke method addPatient,[0m
[0m[[0m[33mwarn[0m] [0m[0mor remove the empty argument list from its definition (Java-defined methods are exempt).[0m
[0m[[0m[33mwarn[0m] [0m[0mIn Scala 3, an unapplied method like this will be eta-expanded into a function.[0m
[0m[[0m[33mwarn[0m] [0m[0mPOST    /patient                    controllers.HomeController.addPatient[0m
[0m[[0m[33mwarn[0m] [0m[0m/Users/hanif/Programs/Scala/crud-restapi-scala/conf/routes:15:1: Auto-application to `()` is deprecated. Supply the empty argument list `()` explicitly to invoke method updatePatient,[0m
[0m[[0m[33mwarn[0m] [0m[0mor remove the empty argument list from its definition (Java-defined methods are exempt).[0m
[0m[[0m[33mwarn[0m] [0m[0mIn Scala 3, an unapplied method like this will be eta-expanded into a function.[0m
[0m[[0m[33mwarn[0m] [0m[0mPOST    /patient/update             controllers.HomeController.updatePatient[0m
[0m[[0m[33mwarn[0m] [0m[0m/Users/hanif/Programs/Scala/crud-restapi-scala/conf/routes:16:1: Auto-application to `()` is deprecated. Supply the empty argument list `()` explicitly to invoke method deletePatient,[0m
[0m[[0m[33mwarn[0m] [0m[0mor remove the empty argument list from its definition (Java-defined methods are exempt).[0m
[0m[[0m[33mwarn[0m] [0m[0mIn Scala 3, an unapplied method like this will be eta-expanded into a function.[0m
[0m[[0m[33mwarn[0m] [0m[0mPOST    /patient/delete             controllers.HomeController.deletePatient[0m
[0m[[0m[33mwarn[0m] [0m[0m/Users/hanif/Programs/Scala/crud-restapi-scala/conf/routes:8:1: Auto-application to `()` is deprecated. Supply the empty argument list `()` explicitly to invoke method listNama,[0m
[0m[[0m[33mwarn[0m] [0m[0mor remove the empty argument list from its definition (Java-defined methods are exempt).[0m
[0m[[0m[33mwarn[0m] [0m[0mIn Scala 3, an unapplied method like this will be eta-expanded into a function.[0m
[0m[[0m[33mwarn[0m] [0m[0mGET     /nama                       controllers.HomeController.listNama[0m
[0m[[0m[33mwarn[0m] [0m[0m/Users/hanif/Programs/Scala/crud-restapi-scala/conf/routes:11:1: Auto-application to `()` is deprecated. Supply the empty argument list `()` explicitly to invoke method getPatient,[0m
[0m[[0m[33mwarn[0m] [0m[0mor remove the empty argument list from its definition (Java-defined methods are exempt).[0m
[0m[[0m[33mwarn[0m] [0m[0mIn Scala 3, an unapplied method like this will be eta-expanded into a function.[0m
[0m[[0m[33mwarn[0m] [0m[0mGET     /patient                    controllers.HomeController.getPatient[0m
[0m[[0m[33mwarn[0m] [0m[0m/Users/hanif/Programs/Scala/crud-restapi-scala/conf/routes:14:1: Auto-application to `()` is deprecated. Supply the empty argument list `()` explicitly to invoke method addPatient,[0m
[0m[[0m[33mwarn[0m] [0m[0mor remove the empty argument list from its definition (Java-defined methods are exempt).[0m
[0m[[0m[33mwarn[0m] [0m[0mIn Scala 3, an unapplied method like this will be eta-expanded into a function.[0m
[0m[[0m[33mwarn[0m] [0m[0mPOST    /patient                    controllers.HomeController.addPatient[0m
[0m[[0m[33mwarn[0m] [0m[0m/Users/hanif/Programs/Scala/crud-restapi-scala/conf/routes:15:1: Auto-application to `()` is deprecated. Supply the empty argument list `()` explicitly to invoke method updatePatient,[0m
[0m[[0m[33mwarn[0m] [0m[0mor remove the empty argument list from its definition (Java-defined methods are exempt).[0m
[0m[[0m[33mwarn[0m] [0m[0mIn Scala 3, an unapplied method like this will be eta-expanded into a function.[0m
[0m[[0m[33mwarn[0m] [0m[0mPOST    /patient/update             controllers.HomeController.updatePatient[0m
[0m[[0m[33mwarn[0m] [0m[0m/Users/hanif/Programs/Scala/crud-restapi-scala/conf/routes:16:1: Auto-application to `()` is deprecated. Supply the empty argument list `()` explicitly to invoke method deletePatient,[0m
[0m[[0m[33mwarn[0m] [0m[0mor remove the empty argument list from its definition (Java-defined methods are exempt).[0m
[0m[[0m[33mwarn[0m] [0m[0mIn Scala 3, an unapplied method like this will be eta-expanded into a function.[0m
[0m[[0m[33mwarn[0m] [0m[0mPOST    /patient/delete             controllers.HomeController.deletePatient[0m
[0m[[0m[33mwarn[0m] [0m[0m10 warnings found[0m
[0m[[0m[0mdebug[0m] [0m[0mRunning task... Cancel: Signal, check cycles: false, forcegc: true[0m
[0m[[0m[0mdebug[0m] [0m[0mExporting web-assets:crud-restapi-scala[0m
[0m[[0m[0mdebug[0m] [0m[0mRunning task... Cancel: Signal, check cycles: false, forcegc: true[0m
[0m[[0m[0mdebug[0m] [0m[0mRunning task... Cancel: Signal, check cycles: false, forcegc: true[0m
[0m[[0m[0minfo[0m] [0m[0mcompiling 1 Scala source to /Users/hanif/Programs/Scala/crud-restapi-scala/target/scala-2.13/classes ...[0m
[0m[[0m[0mdebug[0m] [0m[0mRunning task... Cancel: Signal, check cycles: false, forcegc: true[0m
[0m[[0m[0mdebug[0m] [0m[0mExporting web-assets:crud-restapi-scala[0m
[0m[[0m[0mdebug[0m] [0m[0mRunning task... Cancel: Signal, check cycles: false, forcegc: true[0m
[0m[[0m[0mdebug[0m] [0m[0mRunning task... Cancel: Signal, check cycles: false, forcegc: true[0m
[0m[[0m[0minfo[0m] [0m[0mcompiling 1 Scala source to /Users/hanif/Programs/Scala/crud-restapi-scala/target/scala-2.13/classes ...[0m
[0m[[0m[31merror[0m] [0m[0m/Users/hanif/Programs/Scala/crud-restapi-scala/app/views/index.scala.html:18:10: not found: value mdo[0m
[0m[[0m[31merror[0m] [0m[0m    <td>@mdo</td>[0m
[0m[[0m[31merror[0m] [0m[0m         ^[0m
[0m[[0m[31merror[0m] [0m[0m/Users/hanif/Programs/Scala/crud-restapi-scala/app/views/index.scala.html:24:10: not found: value fat[0m
[0m[[0m[31merror[0m] [0m[0m    <td>@fat</td>[0m
[0m[[0m[31merror[0m] [0m[0m         ^[0m
[0m[[0m[31merror[0m] [0m[0m/Users/hanif/Programs/Scala/crud-restapi-scala/app/views/index.scala.html:29:10: not found: value twitter[0m
[0m[[0m[31merror[0m] [0m[0m    <td>@twitter</td>[0m
[0m[[0m[31merror[0m] [0m[0m         ^[0m
[0m[[0m[31merror[0m] [0m[0mthree errors found[0m
[0m[[0m[31merror[0m] [0m[0m(Compile / [31mcompileIncremental[0m) Compilation failed[0m
[0m[[0m[0mdebug[0m] [0m[0mRunning task... Cancel: Signal, check cycles: false, forcegc: true[0m
[0m[[0m[0mdebug[0m] [0m[0mRunning task... Cancel: Signal, check cycles: false, forcegc: true[0m
[0m[[0m[0mdebug[0m] [0m[0mRunning task... Cancel: Signal, check cycles: false, forcegc: true[0m
[0m[[0m[0minfo[0m] [0m[0mcompiling 1 Scala source to /Users/hanif/Programs/Scala/crud-restapi-scala/target/scala-2.13/classes ...[0m
[0m[[0m[0mdebug[0m] [0m[0mForcing garbage collection...[0m
[0m[[0m[0mdebug[0m] [0m[0mRunning task... Cancel: Signal, check cycles: false, forcegc: true[0m
[0m[[0m[0mdebug[0m] [0m[0mExporting web-assets:crud-restapi-scala[0m
[0m[[0m[0mdebug[0m] [0m[0mRunning task... Cancel: Signal, check cycles: false, forcegc: true[0m
[0m[[0m[0mdebug[0m] [0m[0mRunning task... Cancel: Signal, check cycles: false, forcegc: true[0m
[0m[[0m[0minfo[0m] [0m[0mcompiling 1 Scala source to /Users/hanif/Programs/Scala/crud-restapi-scala/target/scala-2.13/classes ...[0m
[0m[[0m[0mdebug[0m] [0m[0mRunning task... Cancel: Signal, check cycles: false, forcegc: true[0m
[0m[[0m[0mdebug[0m] [0m[0mExporting web-assets:crud-restapi-scala[0m
[0m[[0m[0mdebug[0m] [0m[0mRunning task... Cancel: Signal, check cycles: false, forcegc: true[0m
[0m[[0m[0mdebug[0m] [0m[0mRunning task... Cancel: Signal, check cycles: false, forcegc: true[0m
[0m[[0m[0minfo[0m] [0m[0mcompiling 1 Scala source to /Users/hanif/Programs/Scala/crud-restapi-scala/target/scala-2.13/classes ...[0m
[0m[[0m[0mdebug[0m] [0m[0mRunning task... Cancel: Signal, check cycles: false, forcegc: true[0m
[0m[[0m[0mdebug[0m] [0m[0mExporting web-assets:crud-restapi-scala[0m
[0m[[0m[0mdebug[0m] [0m[0mRunning task... Cancel: Signal, check cycles: false, forcegc: true[0m
[0m[[0m[0mdebug[0m] [0m[0mRunning task... Cancel: Signal, check cycles: false, forcegc: true[0m
[0m[[0m[0minfo[0m] [0m[0mcompiling 1 Scala source to /Users/hanif/Programs/Scala/crud-restapi-scala/target/scala-2.13/classes ...[0m
[0m[[0m[0mdebug[0m] [0m[0mRunning task... Cancel: Signal, check cycles: false, forcegc: true[0m
[0m[[0m[0mdebug[0m] [0m[0mExporting web-assets:crud-restapi-scala[0m
[0m[[0m[0mdebug[0m] [0m[0mRunning task... Cancel: Signal, check cycles: false, forcegc: true[0m
[0m[[0m[0mdebug[0m] [0m[0mRunning task... Cancel: Signal, check cycles: false, forcegc: true[0m
[0m[[0m[0minfo[0m] [0m[0mcompiling 1 Scala source to /Users/hanif/Programs/Scala/crud-restapi-scala/target/scala-2.13/classes ...[0m
[0m[[0m[0mdebug[0m] [0m[0mRunning task... Cancel: Signal, check cycles: false, forcegc: true[0m
[0m[[0m[0mdebug[0m] [0m[0mExporting web-assets:crud-restapi-scala[0m
[0m[[0m[0mdebug[0m] [0m[0mRunning task... Cancel: Signal, check cycles: false, forcegc: true[0m
[0m[[0m[0mdebug[0m] [0m[0mRunning task... Cancel: Signal, check cycles: false, forcegc: true[0m
[0m[[0m[0minfo[0m] [0m[0mcompiling 1 Scala source to /Users/hanif/Programs/Scala/crud-restapi-scala/target/scala-2.13/classes ...[0m
[0m[[0m[0mdebug[0m] [0m[0mRunning task... Cancel: Signal, check cycles: false, forcegc: true[0m
[0m[[0m[0mdebug[0m] [0m[0mExporting web-assets:crud-restapi-scala[0m
[0m[[0m[0mdebug[0m] [0m[0mRunning task... Cancel: Signal, check cycles: false, forcegc: true[0m
[0m[[0m[0mdebug[0m] [0m[0mRunning task... Cancel: Signal, check cycles: false, forcegc: true[0m
[0m[[0m[0minfo[0m] [0m[0mcompiling 1 Scala source to /Users/hanif/Programs/Scala/crud-restapi-scala/target/scala-2.13/classes ...[0m
[0m[[0m[0mdebug[0m] [0m[0mRunning task... Cancel: Signal, check cycles: false, forcegc: true[0m
[0m[[0m[0mdebug[0m] [0m[0mExporting web-assets:crud-restapi-scala[0m
[0m[[0m[0mdebug[0m] [0m[0mRunning task... Cancel: Signal, check cycles: false, forcegc: true[0m
[0m[[0m[0mdebug[0m] [0m[0mRunning task... Cancel: Signal, check cycles: false, forcegc: true[0m
[0m[[0m[0minfo[0m] [0m[0mcompiling 1 Scala source to /Users/hanif/Programs/Scala/crud-restapi-scala/target/scala-2.13/classes ...[0m
[0m[[0m[0mdebug[0m] [0m[0mForcing garbage collection...[0m
[0m[[0m[0mdebug[0m] [0m[0mRunning task... Cancel: Signal, check cycles: false, forcegc: true[0m
[0m[[0m[0mdebug[0m] [0m[0mExporting web-assets:crud-restapi-scala[0m
[0m[[0m[0mdebug[0m] [0m[0mRunning task... Cancel: Signal, check cycles: false, forcegc: true[0m
[0m[[0m[0mdebug[0m] [0m[0mRunning task... Cancel: Signal, check cycles: false, forcegc: true[0m
[0m[[0m[0minfo[0m] [0m[0mcompiling 1 Scala source to /Users/hanif/Programs/Scala/crud-restapi-scala/target/scala-2.13/classes ...[0m
[0m[[0m[0mdebug[0m] [0m[0mRunning task... Cancel: Signal, check cycles: false, forcegc: true[0m
[0m[[0m[0mdebug[0m] [0m[0mExporting web-assets:crud-restapi-scala[0m
[0m[[0m[0mdebug[0m] [0m[0mRunning task... Cancel: Signal, check cycles: false, forcegc: true[0m
[0m[[0m[0mdebug[0m] [0m[0mRunning task... Cancel: Signal, check cycles: false, forcegc: true[0m
[0m[[0m[0minfo[0m] [0m[0mcompiling 1 Scala source to /Users/hanif/Programs/Scala/crud-restapi-scala/target/scala-2.13/classes ...[0m
[0m[[0m[0mdebug[0m] [0m[0mForcing garbage collection...[0m
[0m[[0m[0mdebug[0m] [0m[0mRunning task... Cancel: Signal, check cycles: false, forcegc: true[0m
[0m[[0m[0mdebug[0m] [0m[0mExporting web-assets:crud-restapi-scala[0m
[0m[[0m[0mdebug[0m] [0m[0mRunning task... Cancel: Signal, check cycles: false, forcegc: true[0m
[0m[[0m[0mdebug[0m] [0m[0mRunning task... Cancel: Signal, check cycles: false, forcegc: true[0m
[0m[[0m[0minfo[0m] [0m[0mcompiling 1 Scala source to /Users/hanif/Programs/Scala/crud-restapi-scala/target/scala-2.13/classes ...[0m
[0m[[0m[0mdebug[0m] [0m[0mRunning task... Cancel: Signal, check cycles: false, forcegc: true[0m
[0m[[0m[0mdebug[0m] [0m[0mExporting web-assets:crud-restapi-scala[0m
[0m[[0m[0mdebug[0m] [0m[0mRunning task... Cancel: Signal, check cycles: false, forcegc: true[0m
[0m[[0m[0mdebug[0m] [0m[0mRunning task... Cancel: Signal, check cycles: false, forcegc: true[0m
[0m[[0m[0minfo[0m] [0m[0mcompiling 1 Scala source to /Users/hanif/Programs/Scala/crud-restapi-scala/target/scala-2.13/classes ...[0m
[0m[[0m[0mdebug[0m] [0m[0mRunning task... Cancel: Signal, check cycles: false, forcegc: true[0m
[0m[[0m[0mdebug[0m] [0m[0mExporting web-assets:crud-restapi-scala[0m
[0m[[0m[0mdebug[0m] [0m[0mRunning task... Cancel: Signal, check cycles: false, forcegc: true[0m
[0m[[0m[0mdebug[0m] [0m[0mRunning task... Cancel: Signal, check cycles: false, forcegc: true[0m
[0m[[0m[0minfo[0m] [0m[0mcompiling 1 Scala source to /Users/hanif/Programs/Scala/crud-restapi-scala/target/scala-2.13/classes ...[0m
[0m[[0m[0mdebug[0m] [0m[0mForcing garbage collection...[0m
[0m[[0m[0mdebug[0m] [0m[0mRunning task... Cancel: Signal, check cycles: false, forcegc: true[0m
[0m[[0m[0mdebug[0m] [0m[0mExporting web-assets:crud-restapi-scala[0m
[0m[[0m[0mdebug[0m] [0m[0mRunning task... Cancel: Signal, check cycles: false, forcegc: true[0m
[0m[[0m[0mdebug[0m] [0m[0mRunning task... Cancel: Signal, check cycles: false, forcegc: true[0m
[0m[[0m[0mdebug[0m] [0m[0mjsonRpcNotify: JsonRpcNotificationMessage(2.0, build/taskStart, {"taskId":{"id":"42","parents":[]},"eventTime":1632119255833,"message":"Compiling root","dataKind":"compile-task","data":{"target":{"uri":"file:/Users/hanif/Programs/Scala/crud-restapi-scala/#root/Compile"}}})[0m
[0m[[0m[0mdebug[0m] [0m[0mjsonRpcNotify: JsonRpcNotificationMessage(2.0, shutdown, [true,null])[0m
[0m[[0m[0minfo[0m] [0m[0mcompiling 1 Scala source to /Users/hanif/Programs/Scala/crud-restapi-scala/target/scala-2.13/classes ...[0m
[0m[[0m[0mdebug[0m] [0m[0mRunning task... Cancel: Signal, check cycles: false, forcegc: true[0m
[0m[[0m[0mdebug[0m] [0m[0mExporting web-assets:crud-restapi-scala[0m
[0m[[0m[0mdebug[0m] [0m[0mRunning task... Cancel: Signal, check cycles: false, forcegc: true[0m
[0m[[0m[0mdebug[0m] [0m[0mRunning task... Cancel: Signal, check cycles: false, forcegc: true[0m
[0m[[0m[0minfo[0m] [0m[0mcompiling 1 Scala source to /Users/hanif/Programs/Scala/crud-restapi-scala/target/scala-2.13/classes ...[0m
[0m[[0m[0mdebug[0m] [0m[0mForcing garbage collection...[0m
[0m[[0m[0mdebug[0m] [0m[0mRunning task... Cancel: Signal, check cycles: false, forcegc: true[0m
[0m[[0m[0mdebug[0m] [0m[0mExporting web-assets:crud-restapi-scala[0m
[0m[[0m[0mdebug[0m] [0m[0mRunning task... Cancel: Signal, check cycles: false, forcegc: true[0m
[0m[[0m[0mdebug[0m] [0m[0mRunning task... Cancel: Signal, check cycles: false, forcegc: true[0m
[0m[[0m[0minfo[0m] [0m[0mcompiling 1 Scala source to /Users/hanif/Programs/Scala/crud-restapi-scala/target/scala-2.13/classes ...[0m
[0m[[0m[0mdebug[0m] [0m[0mRunning task... Cancel: Signal, check cycles: false, forcegc: true[0m
[0m[[0m[0mdebug[0m] [0m[0mExporting web-assets:crud-restapi-scala[0m
[0m[[0m[0mdebug[0m] [0m[0mRunning task... Cancel: Signal, check cycles: false, forcegc: true[0m
[0m[[0m[0mdebug[0m] [0m[0mRunning task... Cancel: Signal, check cycles: false, forcegc: true[0m
[0m[[0m[0minfo[0m] [0m[0mcompiling 1 Scala source to /Users/hanif/Programs/Scala/crud-restapi-scala/target/scala-2.13/classes ...[0m
[0m[[0m[0mdebug[0m] [0m[0mRunning task... Cancel: Signal, check cycles: false, forcegc: true[0m
[0m[[0m[0mdebug[0m] [0m[0mExporting web-assets:crud-restapi-scala[0m
[0m[[0m[0mdebug[0m] [0m[0mRunning task... Cancel: Signal, check cycles: false, forcegc: true[0m
[0m[[0m[0mdebug[0m] [0m[0mRunning task... Cancel: Signal, check cycles: false, forcegc: true[0m
[0m[[0m[0mdebug[0m] [0m[0mForcing garbage collection...[0m
[0m[[0m[0mdebug[0m] [0m[0mRunning task... Cancel: Signal, check cycles: false, forcegc: true[0m
[0m[[0m[0mdebug[0m] [0m[0mExporting web-assets:crud-restapi-scala[0m
[0m[[0m[0mdebug[0m] [0m[0mRunning task... Cancel: Signal, check cycles: false, forcegc: true[0m
[0m[[0m[0mdebug[0m] [0m[0mRunning task... Cancel: Signal, check cycles: false, forcegc: true[0m
[0m[[0m[0minfo[0m] [0m[0mcompiling 1 Scala source to /Users/hanif/Programs/Scala/crud-restapi-scala/target/scala-2.13/classes ...[0m
[0m[[0m[0mdebug[0m] [0m[0mRunning task... Cancel: Signal, check cycles: false, forcegc: true[0m
[0m[[0m[0mdebug[0m] [0m[0mExporting web-assets:crud-restapi-scala[0m
[0m[[0m[0mdebug[0m] [0m[0mRunning task... Cancel: Signal, check cycles: false, forcegc: true[0m
[0m[[0m[0mdebug[0m] [0m[0mRunning task... Cancel: Signal, check cycles: false, forcegc: true[0m
[0m[[0m[31merror[0m] [0m[0m[Error] /Users/hanif/Programs/Scala/crud-restapi-scala/app/views/main.scala.html:36[0m
[0m[[0m[31merror[0m] [0m[0m</html>: Expected ending '}'[0m
[0m[[0m[0mdebug[0m] [0m[0mForcing garbage collection...[0m
[0m[[0m[31merror[0m] [0m[0m(Compile / [31mtwirlCompileTemplates[0m) Twirl compilation failed[0m
[0m[[0m[0mdebug[0m] [0m[0mRunning task... Cancel: Signal, check cycles: false, forcegc: true[0m
[0m[[0m[0mdebug[0m] [0m[0mRunning task... Cancel: Signal, check cycles: false, forcegc: true[0m
[0m[[0m[0mdebug[0m] [0m[0mRunning task... Cancel: Signal, check cycles: false, forcegc: true[0m
[0m[[0m[0minfo[0m] [0m[0mcompiling 2 Scala sources to /Users/hanif/Programs/Scala/crud-restapi-scala/target/scala-2.13/classes ...[0m
[0m[[0m[0mdebug[0m] [0m[0mRunning task... Cancel: Signal, check cycles: false, forcegc: true[0m
[0m[[0m[0mdebug[0m] [0m[0mExporting web-assets:crud-restapi-scala[0m
[0m[[0m[0mdebug[0m] [0m[0mRunning task... Cancel: Signal, check cycles: false, forcegc: true[0m
[0m[[0m[0mdebug[0m] [0m[0mRunning task... Cancel: Signal, check cycles: false, forcegc: true[0m
[0m[[0m[0mdebug[0m] [0m[0mRunning task... Cancel: Signal, check cycles: false, forcegc: true[0m
[0m[[0m[0mdebug[0m] [0m[0mExporting web-assets:crud-restapi-scala[0m
[0m[[0m[0mdebug[0m] [0m[0mRunning task... Cancel: Signal, check cycles: false, forcegc: true[0m
[0m[[0m[0mdebug[0m] [0m[0mRunning task... Cancel: Signal, check cycles: false, forcegc: true[0m
[0m[[0m[0mdebug[0m] [0m[0mRunning task... Cancel: Signal, check cycles: false, forcegc: true[0m
[0m[[0m[0mdebug[0m] [0m[0mExporting web-assets:crud-restapi-scala[0m
[0m[[0m[0mdebug[0m] [0m[0mRunning task... Cancel: Signal, check cycles: false, forcegc: true[0m
[0m[[0m[0mdebug[0m] [0m[0mRunning task... Cancel: Signal, check cycles: false, forcegc: true[0m
[0m[[0m[0mdebug[0m] [0m[0mRunning task... Cancel: Signal, check cycles: false, forcegc: true[0m
[0m[[0m[0mdebug[0m] [0m[0mExporting web-assets:crud-restapi-scala[0m
[0m[[0m[0mdebug[0m] [0m[0mRunning task... Cancel: Signal, check cycles: false, forcegc: true[0m
[0m[[0m[0mdebug[0m] [0m[0mRunning task... Cancel: Signal, check cycles: false, forcegc: true[0m
[0m[[0m[0mdebug[0m] [0m[0mRunning task... Cancel: Signal, check cycles: false, forcegc: true[0m
[0m[[0m[0mdebug[0m] [0m[0mExporting web-assets:crud-restapi-scala[0m
[0m[[0m[0mdebug[0m] [0m[0mRunning task... Cancel: Signal, check cycles: false, forcegc: true[0m
[0m[[0m[0mdebug[0m] [0m[0mRunning task... Cancel: Signal, check cycles: false, forcegc: true[0m
[0m[[0m[0mdebug[0m] [0m[0mRunning task... Cancel: Signal, check cycles: false, forcegc: true[0m
[0m[[0m[0mdebug[0m] [0m[0mExporting web-assets:crud-restapi-scala[0m
[0m[[0m[0mdebug[0m] [0m[0mRunning task... Cancel: Signal, check cycles: false, forcegc: true[0m
[0m[[0m[0mdebug[0m] [0m[0mRunning task... Cancel: Signal, check cycles: false, forcegc: true[0m
[0m[[0m[0mdebug[0m] [0m[0mRunning task... Cancel: Signal, check cycles: false, forcegc: true[0m
[0m[[0m[0mdebug[0m] [0m[0mExporting web-assets:crud-restapi-scala[0m
[0m[[0m[0mdebug[0m] [0m[0mRunning task... Cancel: Signal, check cycles: false, forcegc: true[0m
[0m[[0m[0mdebug[0m] [0m[0mRunning task... Cancel: Signal, check cycles: false, forcegc: true[0m
[0m[[0m[0mdebug[0m] [0m[0mRunning task... Cancel: Signal, check cycles: false, forcegc: true[0m
[0m[[0m[0mdebug[0m] [0m[0mExporting web-assets:crud-restapi-scala[0m
[0m[[0m[0mdebug[0m] [0m[0mRunning task... Cancel: Signal, check cycles: false, forcegc: true[0m
[0m[[0m[0mdebug[0m] [0m[0mRunning task... Cancel: Signal, check cycles: false, forcegc: true[0m
[0m[[0m[0mdebug[0m] [0m[0mForcing garbage collection...[0m
[0m[[0m[0mdebug[0m] [0m[0mRunning task... Cancel: Signal, check cycles: false, forcegc: true[0m
[0m[[0m[0mdebug[0m] [0m[0mExporting web-assets:crud-restapi-scala[0m
[0m[[0m[0mdebug[0m] [0m[0mRunning task... Cancel: Signal, check cycles: false, forcegc: true[0m
[0m[[0m[0mdebug[0m] [0m[0mRunning task... Cancel: Signal, check cycles: false, forcegc: true[0m
[0m[[0m[0mdebug[0m] [0m[0mRunning task... Cancel: Signal, check cycles: false, forcegc: true[0m
[0m[[0m[0mdebug[0m] [0m[0mExporting web-assets:crud-restapi-scala[0m
[0m[[0m[0mdebug[0m] [0m[0mRunning task... Cancel: Signal, check cycles: false, forcegc: true[0m
[0m[[0m[0mdebug[0m] [0m[0mRunning task... Cancel: Signal, check cycles: false, forcegc: true[0m
[0m[[0m[0mdebug[0m] [0m[0mRunning task... Cancel: Signal, check cycles: false, forcegc: true[0m
[0m[[0m[0mdebug[0m] [0m[0mExporting web-assets:crud-restapi-scala[0m
[0m[[0m[0mdebug[0m] [0m[0mRunning task... Cancel: Signal, check cycles: false, forcegc: true[0m
[0m[[0m[0mdebug[0m] [0m[0mRunning task... Cancel: Signal, check cycles: false, forcegc: true[0m
[0m[[0m[0mdebug[0m] [0m[0mRunning task... Cancel: Signal, check cycles: false, forcegc: true[0m
[0m[[0m[0mdebug[0m] [0m[0mExporting web-assets:crud-restapi-scala[0m
[0m[[0m[0mdebug[0m] [0m[0mRunning task... Cancel: Signal, check cycles: false, forcegc: true[0m
[0m[[0m[0mdebug[0m] [0m[0mRunning task... Cancel: Signal, check cycles: false, forcegc: true[0m
[0m[[0m[0mdebug[0m] [0m[0mRunning task... Cancel: Signal, check cycles: false, forcegc: true[0m
[0m[[0m[0mdebug[0m] [0m[0mExporting web-assets:crud-restapi-scala[0m
[0m[[0m[0mdebug[0m] [0m[0mRunning task... Cancel: Signal, check cycles: false, forcegc: true[0m
[0m[[0m[0mdebug[0m] [0m[0mRunning task... Cancel: Signal, check cycles: false, forcegc: true[0m
[0m[[0m[0mdebug[0m] [0m[0mRunning task... Cancel: Signal, check cycles: false, forcegc: true[0m
[0m[[0m[0mdebug[0m] [0m[0mExporting web-assets:crud-restapi-scala[0m
[0m[[0m[0mdebug[0m] [0m[0mRunning task... Cancel: Signal, check cycles: false, forcegc: true[0m
[0m[[0m[0mdebug[0m] [0m[0mRunning task... Cancel: Signal, check cycles: false, forcegc: true[0m
[0m[[0m[0mdebug[0m] [0m[0mRunning task... Cancel: Signal, check cycles: false, forcegc: true[0m
[0m[[0m[0mdebug[0m] [0m[0mExporting web-assets:crud-restapi-scala[0m
[0m[[0m[0mdebug[0m] [0m[0mRunning task... Cancel: Signal, check cycles: false, forcegc: true[0m
[0m[[0m[0mdebug[0m] [0m[0mRunning task... Cancel: Signal, check cycles: false, forcegc: true[0m
[0m[[0m[0mdebug[0m] [0m[0mRunning task... Cancel: Signal, check cycles: false, forcegc: true[0m
[0m[[0m[0mdebug[0m] [0m[0mExporting web-assets:crud-restapi-scala[0m
[0m[[0m[0mdebug[0m] [0m[0mRunning task... Cancel: Signal, check cycles: false, forcegc: true[0m
[0m[[0m[0mdebug[0m] [0m[0mRunning task... Cancel: Signal, check cycles: false, forcegc: true[0m
[0m[[0m[0mdebug[0m] [0m[0mRunning task... Cancel: Signal, check cycles: false, forcegc: true[0m
[0m[[0m[0mdebug[0m] [0m[0mExporting web-assets:crud-restapi-scala[0m
[0m[[0m[0mdebug[0m] [0m[0mRunning task... Cancel: Signal, check cycles: false, forcegc: true[0m
[0m[[0m[0mdebug[0m] [0m[0mRunning task... Cancel: Signal, check cycles: false, forcegc: true[0m
[0m[[0m[0mdebug[0m] [0m[0mRunning task... Cancel: Signal, check cycles: false, forcegc: true[0m
[0m[[0m[0mdebug[0m] [0m[0mExporting web-assets:crud-restapi-scala[0m
[0m[[0m[0mdebug[0m] [0m[0mRunning task... Cancel: Signal, check cycles: false, forcegc: true[0m
[0m[[0m[0mdebug[0m] [0m[0mRunning task... Cancel: Signal, check cycles: false, forcegc: true[0m
[0m[[0m[0mdebug[0m] [0m[0mForcing garbage collection...[0m
[0m[[0m[0mdebug[0m] [0m[0mRunning task... Cancel: Signal, check cycles: false, forcegc: true[0m
[0m[[0m[0mdebug[0m] [0m[0mExporting web-assets:crud-restapi-scala[0m
[0m[[0m[0mdebug[0m] [0m[0mRunning task... Cancel: Signal, check cycles: false, forcegc: true[0m
[0m[[0m[0mdebug[0m] [0m[0mRunning task... Cancel: Signal, check cycles: false, forcegc: true[0m
[0m[[0m[0mdebug[0m] [0m[0mRunning task... Cancel: Signal, check cycles: false, forcegc: true[0m
[0m[[0m[0mdebug[0m] [0m[0mExporting web-assets:crud-restapi-scala[0m
[0m[[0m[0mdebug[0m] [0m[0mRunning task... Cancel: Signal, check cycles: false, forcegc: true[0m
[0m[[0m[0mdebug[0m] [0m[0mRunning task... Cancel: Signal, check cycles: false, forcegc: true[0m
[0m[[0m[0mdebug[0m] [0m[0mRunning task... Cancel: Signal, check cycles: false, forcegc: true[0m
[0m[[0m[0mdebug[0m] [0m[0mExporting web-assets:crud-restapi-scala[0m
[0m[[0m[0mdebug[0m] [0m[0mRunning task... Cancel: Signal, check cycles: false, forcegc: true[0m
[0m[[0m[0mdebug[0m] [0m[0mRunning task... Cancel: Signal, check cycles: false, forcegc: true[0m
[0m[[0m[0mdebug[0m] [0m[0mRunning task... Cancel: Signal, check cycles: false, forcegc: true[0m
[0m[[0m[0mdebug[0m] [0m[0mExporting web-assets:crud-restapi-scala[0m
[0m[[0m[0mdebug[0m] [0m[0mRunning task... Cancel: Signal, check cycles: false, forcegc: true[0m
[0m[[0m[0mdebug[0m] [0m[0mRunning task... Cancel: Signal, check cycles: false, forcegc: true[0m
[0m[[0m[0mdebug[0m] [0m[0mRunning task... Cancel: Signal, check cycles: false, forcegc: true[0m
[0m[[0m[0mdebug[0m] [0m[0mExporting web-assets:crud-restapi-scala[0m
[0m[[0m[0mdebug[0m] [0m[0mRunning task... Cancel: Signal, check cycles: false, forcegc: true[0m
[0m[[0m[0minfo[0m] [0m[0mshutting down sbt server[0m
[0m[[0m[0mdebug[0m] [0m[0mForcing garbage collection...[0m
